============================= test session starts ==============================
platform darwin -- Python 3.11.13, pytest-8.4.2, pluggy-1.6.0 -- /Users/ryanranft/miniconda3/envs/mcp-synthesis/bin/python
cachedir: .pytest_cache
rootdir: /Users/ryanranft/nba-mcp-synthesis
plugins: mock-3.15.1, asyncio-1.2.0, anyio-4.11.0, cov-7.0.0
asyncio: mode=Mode.STRICT, debug=False, asyncio_default_fixture_loop_scope=None, asyncio_default_test_loop_scope=function
collecting ... collected 44 items

tests/test_all_connectors.py::TestSlackIntegration::test_slack_notifier_available PASSED [  2%]
tests/test_all_connectors.py::TestSlackIntegration::test_slack_notifier_initialization PASSED [  4%]
tests/test_all_connectors.py::TestSlackIntegration::test_slack_notification_structure PASSED [  6%]
tests/test_all_connectors.py::TestSlackIntegration::test_synthesis_with_slack_integration PASSED [  9%]
tests/test_all_connectors.py::TestSlackIntegration::test_real_slack_notification PASSED [ 11%]
tests/test_all_connectors.py::TestDataQualityValidation::test_data_validator_import PASSED [ 13%]
tests/test_all_connectors.py::TestDataQualityValidation::test_data_validator_initialization PASSED [ 15%]
tests/test_all_connectors.py::TestDataQualityValidation::test_validation_with_mock_data PASSED [ 18%]
tests/test_all_connectors.py::TestDataQualityValidation::test_validation_detects_failures PASSED [ 20%]
tests/test_all_connectors.py::TestJupyterNotebooks::test_notebooks_directory_exists PASSED [ 22%]
tests/test_all_connectors.py::TestJupyterNotebooks::test_notebook_files_exist PASSED [ 25%]
tests/test_all_connectors.py::TestJupyterNotebooks::test_notebook_structure_valid PASSED [ 27%]
tests/test_all_connectors.py::TestJupyterNotebooks::test_notebook_imports_valid PASSED [ 29%]
tests/test_all_connectors.py::TestDocumentedConnectors::test_streamlit_implementation_documented PASSED [ 31%]
tests/test_all_connectors.py::TestDocumentedConnectors::test_basketball_reference_implementation_documented PASSED [ 34%]
tests/test_all_connectors.py::TestDocumentedConnectors::test_notion_implementation_documented PASSED [ 36%]
tests/test_all_connectors.py::TestDocumentedConnectors::test_google_sheets_implementation_documented PASSED [ 38%]
tests/test_all_connectors.py::TestDocumentedConnectors::test_airflow_implementation_documented PASSED [ 40%]
tests/test_all_connectors.py::TestRequirementsDependencies::test_requirements_file_exists PASSED [ 43%]
tests/test_all_connectors.py::TestRequirementsDependencies::test_all_connector_dependencies_included PASSED [ 45%]
tests/test_all_connectors.py::TestSystemIntegration::test_all_documentation_exists PASSED [ 47%]
tests/test_all_connectors.py::TestSystemIntegration::test_env_example_has_all_variables PASSED [ 50%]
tests/test_deepseek_integration.py::test_deepseek_connection PASSED      [ 52%]
tests/test_deepseek_integration.py::test_sql_optimization PASSED         [ 54%]
tests/test_deepseek_integration.py::test_statistical_analysis PASSED     [ 56%]
tests/test_deepseek_integration.py::test_code_debugging PASSED           [ 59%]
tests/test_deepseek_integration.py::test_temperature_control PASSED      [ 61%]
tests/test_deepseek_integration.py::test_cost_calculation PASSED         [ 63%]
tests/test_deepseek_integration.py::test_error_handling PASSED           [ 65%]
tests/test_deepseek_integration.py::test_context_formatting PASSED       [ 68%]
tests/test_deepseek_integration.py::test_model_initialization PASSED     [ 70%]
tests/test_deepseek_integration.py::test_sync_mode PASSED                [ 72%]
tests/test_e2e_workflow.py::TestE2EWorkflow::test_01_environment_setup PASSED [ 75%]
tests/test_e2e_workflow.py::TestE2EWorkflow::test_02_mcp_server_startup FAILED [ 77%]
tests/test_e2e_workflow.py::TestE2EWorkflow::test_03_mcp_client_connection FAILED [ 79%]
tests/test_e2e_workflow.py::TestE2EWorkflow::test_04_database_query_via_mcp FAILED [ 81%]
tests/test_e2e_workflow.py::TestE2EWorkflow::test_05_s3_access_via_mcp FAILED [ 84%]
tests/test_e2e_workflow.py::TestE2EWorkflow::test_06_table_schema_via_mcp FAILED [ 86%]
tests/test_e2e_workflow.py::TestE2EWorkflow::test_07_simple_synthesis_without_mcp 