{
  "validation_summary": {
    "project": "nba-mcp-synthesis",
    "timestamp": "2025-10-15T19:23:06.541507",
    "total_duration_seconds": 11.741865,
    "total_tests": 19,
    "passed_tests": 17,
    "failed_tests": 0,
    "warning_tests": 2,
    "skipped_tests": 0,
    "success_rate_percent": 89.47368421052632
  },
  "test_results": [
    {
      "test_name": "directory_structure",
      "status": "pass",
      "message": "All required directories exist",
      "duration": 0.00017690658569335938,
      "details": {},
      "timestamp": "2025-10-15T19:22:54.801335"
    },
    {
      "test_name": "naming_convention",
      "status": "pass",
      "message": "Naming convention validation passed",
      "duration": 0.044881343841552734,
      "details": {
        "output": "\ud83d\udd0d Validating naming convention compliance...\n\ud83d\udcc4 Report saved to: migration_report.txt\n\n\u26a0\ufe0f  Found 4 violations. Consider fixing for better compliance.\n"
      },
      "timestamp": "2025-10-15T19:22:54.846313"
    },
    {
      "test_name": "hierarchical_loader",
      "status": "pass",
      "message": "Hierarchical loader validation passed",
      "duration": 0.17624425888061523,
      "details": {
        "output": "\n\u2705 Environment loaded successfully!\n"
      },
      "timestamp": "2025-10-15T19:22:55.022876"
    },
    {
      "test_name": "unified_secrets_manager",
      "status": "pass",
      "message": "Unified secrets manager validation passed",
      "duration": 0.12104201316833496,
      "details": {
        "output": "UnifiedSecretsManager initialized successfully\nUnifiedSecretsManager basic functionality test passed\nAll tests passed\n"
      },
      "timestamp": "2025-10-15T19:22:55.144210"
    },
    {
      "test_name": "unified_configuration_manager",
      "status": "pass",
      "message": "Unified configuration manager validation passed",
      "duration": 0.05808305740356445,
      "details": {
        "output": "UnifiedConfigurationManager initialized successfully\nAPI config loaded: <class 'mcp_server.unified_configuration_manager.APIConfig'>\nContext key: WORKFLOW\nAll tests passed\n"
      },
      "timestamp": "2025-10-15T19:22:55.202611"
    },
    {
      "test_name": "entry_point_scripts_automated_workflow_py",
      "status": "pass",
      "message": "Entry point scripts/automated_workflow.py is functional",
      "duration": 0.34342408180236816,
      "details": {
        "output": "usage: automated_workflow.py [-h] [--config CONFIG] [--budget BUDGET]\n                             [--output OUTPUT] [--project PROJECT]\n                             [--sport SPORT] [--context CONTEXT]\n                             [--slack-webhook SLACK_WEBHOOK]\n                             [--linear-api-key LINEAR_API_KEY]\n                             [--linear-team-id LINEAR_TEAM_ID]\n                             [--linear-project-id LINEAR_PROJECT_ID]\n\nRun automated book analysis workflow\n\noptions:\n  -h, --help            show this help message and exit\n  --config CONFIG       Path to books configuration file\n  --budget BUDGET       Maximum budget in USD\n  --output OUTPUT       Output directory for results\n  --project PROJECT     Project name for secrets loading\n  --sport SPORT         Sport name for secrets loading\n  --context CONTEXT     Context for secrets loading (production, development,\n                        test)\n  --slack-webhook SLACK_WEBHOOK\n                        Slack webhook URL (overrides secrets)\n  --linear-api-key LINEAR_API_KEY\n                        Linear API key (overrides secrets)\n  --linear-team-id LINEAR_TEAM_ID\n                        Linear team ID (overrides secrets)\n  --linear-project-id LINEAR_PROJECT_ID\n                        Linear project ID (overrides secrets)\n"
      },
      "timestamp": "2025-10-15T19:22:55.546341"
    },
    {
      "test_name": "entry_point_scripts_resilient_book_analyzer_py",
      "status": "pass",
      "message": "Entry point scripts/resilient_book_analyzer.py is functional",
      "duration": 1.2194840908050537,
      "details": {
        "output": ""
      },
      "timestamp": "2025-10-15T19:22:56.766113"
    },
    {
      "test_name": "entry_point_mcp_server_server_py",
      "status": "warning",
      "message": "Entry point mcp_server/server.py may have issues: Traceback (most recent call last):\n  File \"/Users/ryanranft/nba-mcp-synthesis/mcp_server/server.py\", line 23, in <module>\n    from .tools import (\nImportError: attempted relative import with no known parent package\n\nDuring handling of the above exception, another exception occurred:\n\nTraceback (most recent call last):\n  File \"/Users/ryanranft/nba-mcp-synthesis/mcp_server/tools/__init__.py\", line 7, in <module>\n    from mcp_server.tools.database_tools import DatabaseTools\nModuleNotFoundError: No module named 'mcp_server'\n\nDuring handling of the above exception, another exception occurred:\n\nTraceback (most recent call last):\n  File \"/Users/ryanranft/nba-mcp-synthesis/mcp_server/server.py\", line 42, in <module>\n    from tools import (\n  File \"/Users/ryanranft/nba-mcp-synthesis/mcp_server/tools/__init__.py\", line 24, in <module>\n    from .database_tools import DatabaseTools\n  File \"/Users/ryanranft/nba-mcp-synthesis/mcp_server/tools/database_tools.py\", line 11, in <module>\n    from mcp_server.connectors.rds_connector import RDSConnector\nModuleNotFoundError: No module named 'mcp_server'\n",
      "duration": 0.3561561107635498,
      "details": {
        "output": "",
        "error": "Traceback (most recent call last):\n  File \"/Users/ryanranft/nba-mcp-synthesis/mcp_server/server.py\", line 23, in <module>\n    from .tools import (\nImportError: attempted relative import with no known parent package\n\nDuring handling of the above exception, another exception occurred:\n\nTraceback (most recent call last):\n  File \"/Users/ryanranft/nba-mcp-synthesis/mcp_server/tools/__init__.py\", line 7, in <module>\n    from mcp_server.tools.database_tools import DatabaseTools\nModuleNotFoundError: No module named 'mcp_server'\n\nDuring handling of the above exception, another exception occurred:\n\nTraceback (most recent call last):\n  File \"/Users/ryanranft/nba-mcp-synthesis/mcp_server/server.py\", line 42, in <module>\n    from tools import (\n  File \"/Users/ryanranft/nba-mcp-synthesis/mcp_server/tools/__init__.py\", line 24, in <module>\n    from .database_tools import DatabaseTools\n  File \"/Users/ryanranft/nba-mcp-synthesis/mcp_server/tools/database_tools.py\", line 11, in <module>\n    from mcp_server.connectors.rds_connector import RDSConnector\nModuleNotFoundError: No module named 'mcp_server'\n"
      },
      "timestamp": "2025-10-15T19:22:57.122809"
    },
    {
      "test_name": "entry_point_scripts_test_all_credentials_py",
      "status": "pass",
      "message": "Entry point scripts/test_all_credentials.py is functional",
      "duration": 4.745377063751221,
      "details": {
        "output": "NBA MCP Synthesis - Credential Testing Tool\n==================================================\nUsing unified secrets management system\n\nLoading secrets for project=nba-mcp-synthesis, context=production\n\u2705 Secrets loaded successfully\n\u2705 Configuration loaded successfully\n\ud83d\ude80 Starting comprehensive credential testing...\n\u23f0 Started at: 2025-10-15 19:22:57\n\n\ud83e\udd16 Testing AI Model APIs...\n\u2705 DeepSeek API: API key format is valid\n\u2705 Anthropic Claude API: API key format is valid\n\u2705 OpenAI GPT-4 API: API key format is valid\n\u2705 Google Gemini API: API key format is valid\n\u2705 Ollama API: Model qwen2.5-coder:32b is available\n\n\u2601\ufe0f  Testing AWS Services...\n\u2705 AWS Credentials: Identity: arn:aws:iam::575734508327:user/iam\n\u2705 Primary S3 Bucket: Full access verified. Objects: 5\n\u2705 Books S3 Bucket: Full access verified. Objects: 5\n\u2705 AWS Glue Database: Database 'nba_raw_data' accessible\n\u2705 AWS Glue Tables: Found 1 tables\n\n\ud83d\uddc4\ufe0f  Testing Database Connections...\n\u2705 RDS Variables: Full access verified. PostgreSQL version: PostgreSQL 15.14 on x86_64-pc-linux-gnu, compiled ...\n\u2705 DB Variables: Full access verified. PostgreSQL version: PostgreSQL 15.14 on x86_64-pc-linux-gnu, compiled ...\n\u2705 DATABASE_URL: Full access verified. PostgreSQL version: PostgreSQL 15.14 on x86_64-pc-linux-gnu, compiled ...\n\n\ud83d\udd17 Testing Integrations...\n\u274c Slack Webhook: HTTP 404: no_team\n\u2705 Great Expectations S3: Bucket 'nba-sim-raw-data-lake' accessible\n\n\ud83e\uddf9 Cleaning up test resources...\n   \u2705 Cleaned up nba-sim-raw-data-lake/test/credential_test_1760574178.txt\n   \u2705 Cleaned up nba-mcp-books-20251011/test/credential_test_1760574178.txt\n\n================================================================================\n\ud83d\udd0d COMPREHENSIVE CREDENTIAL TEST REPORT\n================================================================================\n\n\ud83d\udcca SUMMARY:\n   Total Tests: 15\n   \u2705 Passed: 14\n   \u274c Failed: 1\n   Success Rate: 93.3%\n\n\ud83d\udccb AI MODELS:\n   \u2705 DeepSeek API: API key format is valid\n   \u2705 Anthropic Claude API: API key format is valid\n   \u2705 OpenAI GPT-4 API: API key format is valid\n   \u2705 Google Gemini API: API key format is valid\n   \u2705 Ollama API: Model qwen2.5-coder:32b is available\n\n\ud83d\udccb AWS SERVICES:\n   \u2705 AWS Credentials: Identity: arn:aws:iam::575734508327:user/iam\n   \u2705 Primary S3 Bucket: Full access verified. Objects: 5\n   \u2705 Books S3 Bucket: Full access verified. Objects: 5\n   \u2705 AWS Glue Database: Database 'nba_raw_data' accessible\n   \u2705 AWS Glue Tables: Found 1 tables\n\n\ud83d\udccb DATABASE:\n   \u2705 RDS Variables: Full access verified. PostgreSQL version: PostgreSQL 15.14 on x86_64-pc-linux-gnu, compiled ...\n   \u2705 DB Variables: Full access verified. PostgreSQL version: PostgreSQL 15.14 on x86_64-pc-linux-gnu, compiled ...\n   \u2705 DATABASE_URL: Full access verified. PostgreSQL version: PostgreSQL 15.14 on x86_64-pc-linux-gnu, compiled ...\n\n\ud83d\udccb INTEGRATIONS:\n   \u274c Slack Webhook: HTTP 404: no_team\n   \u2705 Great Expectations S3: Bucket 'nba-sim-raw-data-lake' accessible\n\n\ud83d\udca1 RECOMMENDATIONS:\n   The following credentials need attention:\n   - integrations.Slack Webhook\n\n   Consider:\n   - Rotating API keys if they're expired\n   - Checking AWS permissions\n   - Verifying database credentials\n   - Ensuring services are running (Ollama)\n\n\ud83d\udcc4 Detailed report saved to: credential_test_report_20251015_192301.json\n"
      },
      "timestamp": "2025-10-15T19:23:01.868525"
    },
    {
      "test_name": "entry_point_test_mcp_tools_py",
      "status": "pass",
      "message": "Entry point test_mcp_tools.py is functional",
      "duration": 3.0486159324645996,
      "details": {
        "output": "NBA MCP Server - Tool Verification\n========================================\nUsing unified secrets management system\n\nLoading secrets...\n\u2705 Secrets loaded successfully\n\u2713 MCP Server: nba-mcp-fastmcp\n\u2713 Total MCP Tools: 247\n\n\u2713 Available NBA MCP Tools:\n  1. query_database\n  2. list_tables\n  3. get_table_schema\n  4. list_games\n  5. list_players\n  6. list_s3_files\n  7. list_books\n  8. read_book\n  9. search_books\n  10. get_epub_metadata\n  ... and 237 more tools\n\n\ud83c\udf89 MCP Server is ready!\n"
      },
      "timestamp": "2025-10-15T19:23:04.917797"
    },
    {
      "test_name": "environment_production",
      "status": "pass",
      "message": "Environment production validation passed",
      "duration": 0.12511587142944336,
      "details": {
        "output": "\n\u2705 Environment loaded successfully!\n"
      },
      "timestamp": "2025-10-15T19:23:05.043251"
    },
    {
      "test_name": "environment_development",
      "status": "pass",
      "message": "Environment development validation passed",
      "duration": 0.1261610984802246,
      "details": {
        "output": "\n\u2705 Environment loaded successfully!\n"
      },
      "timestamp": "2025-10-15T19:23:05.169755"
    },
    {
      "test_name": "environment_test",
      "status": "pass",
      "message": "Environment test validation passed",
      "duration": 0.3065338134765625,
      "details": {
        "output": "\n\u2705 Environment loaded successfully!\n"
      },
      "timestamp": "2025-10-15T19:23:05.476708"
    },
    {
      "test_name": "integration",
      "status": "warning",
      "message": "Integration issues found: 2025-10-15 19:23:06,002 - mcp_server.secrets_health_monitor - ERROR - Failed to load secrets: usage: load_env_hierarchical.py [-h] [--base-path BASE_PATH] [--no-validate]\n                                [--export EXPORT] [--list] [--health]\n                                [--verbose]\n                                [project] [sport] [context]\nload_env_hierarchical.py: error: unrecognized arguments: --project --context production\n\n2025-10-15 19:23:06,130 - mcp_server.secrets_alerting_system - ERROR - Failed to load secrets: usage: load_env_hierarchical.py [-h] [--base-path BASE_PATH] [--no-validate]\n                                [--export EXPORT] [--list] [--health]\n                                [--verbose]\n                                [project] [sport] [context]\nload_env_hierarchical.py: error: unrecognized arguments: --project --context production\n\n2025-10-15 19:23:06,131 - __main__ - INFO - Secrets Health Integration initialized for nba-mcp-synthesis (production)\n2025-10-15 19:23:06,131 - __main__ - INFO - Running comprehensive health check...\n2025-10-15 19:23:06,131 - mcp_server.secrets_metrics_dashboard - ERROR - Failed to save metrics: Object of type datetime is not JSON serializable\n2025-10-15 19:23:06,132 - mcp_server.secrets_metrics_dashboard - ERROR - Failed to load history: Expecting value: line 9 column 20 (char 209)\n2025-10-15 19:23:06,132 - mcp_server.secrets_metrics_dashboard - ERROR - Failed to save history: Object of type datetime is not JSON serializable\nTraceback (most recent call last):\n  File \"/Users/ryanranft/nba-mcp-synthesis/mcp_server/secrets_health_integration.py\", line 483, in <module>\n    main()\n  File \"/Users/ryanranft/nba-mcp-synthesis/mcp_server/secrets_health_integration.py\", line 445, in main\n    report = integration.run_health_check()\n             ^^^^^^^^^^^^^^^^^^^^^^^^^^^^^^\n  File \"/Users/ryanranft/nba-mcp-synthesis/mcp_server/secrets_health_integration.py\", line 187, in run_health_check\n    alerts = self.alert_manager.process_metrics(asdict(metrics))\n             ^^^^^^^^^^^^^^^^^^^^^^^^^^^^^^^^^^^^^^^^^^^^^^^^^^^\n  File \"/Users/ryanranft/nba-mcp-synthesis/mcp_server/secrets_alerting_system.py\", line 571, in process_metrics\n    if self.deduplicator.should_send_alert(alert, alert.throttle_minutes):\n                                                  ^^^^^^^^^^^^^^^^^^^^^^\nAttributeError: 'Alert' object has no attribute 'throttle_minutes'\n",
      "duration": 0.7098739147186279,
      "details": {
        "output": "\ud83d\udd0d Running comprehensive health check...\n",
        "error": "2025-10-15 19:23:06,002 - mcp_server.secrets_health_monitor - ERROR - Failed to load secrets: usage: load_env_hierarchical.py [-h] [--base-path BASE_PATH] [--no-validate]\n                                [--export EXPORT] [--list] [--health]\n                                [--verbose]\n                                [project] [sport] [context]\nload_env_hierarchical.py: error: unrecognized arguments: --project --context production\n\n2025-10-15 19:23:06,130 - mcp_server.secrets_alerting_system - ERROR - Failed to load secrets: usage: load_env_hierarchical.py [-h] [--base-path BASE_PATH] [--no-validate]\n                                [--export EXPORT] [--list] [--health]\n                                [--verbose]\n                                [project] [sport] [context]\nload_env_hierarchical.py: error: unrecognized arguments: --project --context production\n\n2025-10-15 19:23:06,131 - __main__ - INFO - Secrets Health Integration initialized for nba-mcp-synthesis (production)\n2025-10-15 19:23:06,131 - __main__ - INFO - Running comprehensive health check...\n2025-10-15 19:23:06,131 - mcp_server.secrets_metrics_dashboard - ERROR - Failed to save metrics: Object of type datetime is not JSON serializable\n2025-10-15 19:23:06,132 - mcp_server.secrets_metrics_dashboard - ERROR - Failed to load history: Expecting value: line 9 column 20 (char 209)\n2025-10-15 19:23:06,132 - mcp_server.secrets_metrics_dashboard - ERROR - Failed to save history: Object of type datetime is not JSON serializable\nTraceback (most recent call last):\n  File \"/Users/ryanranft/nba-mcp-synthesis/mcp_server/secrets_health_integration.py\", line 483, in <module>\n    main()\n  File \"/Users/ryanranft/nba-mcp-synthesis/mcp_server/secrets_health_integration.py\", line 445, in main\n    report = integration.run_health_check()\n             ^^^^^^^^^^^^^^^^^^^^^^^^^^^^^^\n  File \"/Users/ryanranft/nba-mcp-synthesis/mcp_server/secrets_health_integration.py\", line 187, in run_health_check\n    alerts = self.alert_manager.process_metrics(asdict(metrics))\n             ^^^^^^^^^^^^^^^^^^^^^^^^^^^^^^^^^^^^^^^^^^^^^^^^^^^\n  File \"/Users/ryanranft/nba-mcp-synthesis/mcp_server/secrets_alerting_system.py\", line 571, in process_metrics\n    if self.deduplicator.should_send_alert(alert, alert.throttle_minutes):\n                                                  ^^^^^^^^^^^^^^^^^^^^^^\nAttributeError: 'Alert' object has no attribute 'throttle_minutes'\n"
      },
      "timestamp": "2025-10-15T19:23:06.186897"
    },
    {
      "test_name": "health_monitoring",
      "status": "pass",
      "message": "Health monitoring validation passed",
      "duration": 0.22539687156677246,
      "details": {
        "output": "\ud83d\udd0d Running one-time health checks...\n\n\ud83d\udcca Health Check Results:\n\n\ud83d\udd10 Secret Validation Results:\n\n\ud83d\udcc8 Overall Health Score: 0.0%\n\ud83c\udf10 API Connectivity Score: 0.0%\n\u23f1\ufe0f  Average Response Time: 0.0ms\n"
      },
      "timestamp": "2025-10-15T19:23:06.412755"
    },
    {
      "test_name": "docker_integration",
      "status": "pass",
      "message": "All Docker files present",
      "duration": 3.600120544433594e-05,
      "details": {},
      "timestamp": "2025-10-15T19:23:06.413035"
    },
    {
      "test_name": "security",
      "status": "pass",
      "message": "Security validation passed",
      "duration": 2.1696090698242188e-05,
      "details": {},
      "timestamp": "2025-10-15T19:23:06.413116"
    },
    {
      "test_name": "performance",
      "status": "pass",
      "message": "Performance validation passed (load time: 0.13s)",
      "duration": 0.12755727767944336,
      "details": {
        "load_time": 0.12755727767944336
      },
      "timestamp": "2025-10-15T19:23:06.540746"
    },
    {
      "test_name": "documentation",
      "status": "pass",
      "message": "All documentation files present",
      "duration": 3.6716461181640625e-05,
      "details": {},
      "timestamp": "2025-10-15T19:23:06.541044"
    }
  ],
  "categories": {
    "directory": [
      {
        "test_name": "directory_structure",
        "status": "pass",
        "message": "All required directories exist",
        "duration": 0.00017690658569335938,
        "details": {},
        "timestamp": "2025-10-15T19:22:54.801335"
      }
    ],
    "naming": [
      {
        "test_name": "naming_convention",
        "status": "pass",
        "message": "Naming convention validation passed",
        "duration": 0.044881343841552734,
        "details": {
          "output": "\ud83d\udd0d Validating naming convention compliance...\n\ud83d\udcc4 Report saved to: migration_report.txt\n\n\u26a0\ufe0f  Found 4 violations. Consider fixing for better compliance.\n"
        },
        "timestamp": "2025-10-15T19:22:54.846313"
      }
    ],
    "hierarchical": [
      {
        "test_name": "hierarchical_loader",
        "status": "pass",
        "message": "Hierarchical loader validation passed",
        "duration": 0.17624425888061523,
        "details": {
          "output": "\n\u2705 Environment loaded successfully!\n"
        },
        "timestamp": "2025-10-15T19:22:55.022876"
      }
    ],
    "unified": [
      {
        "test_name": "unified_secrets_manager",
        "status": "pass",
        "message": "Unified secrets manager validation passed",
        "duration": 0.12104201316833496,
        "details": {
          "output": "UnifiedSecretsManager initialized successfully\nUnifiedSecretsManager basic functionality test passed\nAll tests passed\n"
        },
        "timestamp": "2025-10-15T19:22:55.144210"
      },
      {
        "test_name": "unified_configuration_manager",
        "status": "pass",
        "message": "Unified configuration manager validation passed",
        "duration": 0.05808305740356445,
        "details": {
          "output": "UnifiedConfigurationManager initialized successfully\nAPI config loaded: <class 'mcp_server.unified_configuration_manager.APIConfig'>\nContext key: WORKFLOW\nAll tests passed\n"
        },
        "timestamp": "2025-10-15T19:22:55.202611"
      }
    ],
    "entry": [
      {
        "test_name": "entry_point_scripts_automated_workflow_py",
        "status": "pass",
        "message": "Entry point scripts/automated_workflow.py is functional",
        "duration": 0.34342408180236816,
        "details": {
          "output": "usage: automated_workflow.py [-h] [--config CONFIG] [--budget BUDGET]\n                             [--output OUTPUT] [--project PROJECT]\n                             [--sport SPORT] [--context CONTEXT]\n                             [--slack-webhook SLACK_WEBHOOK]\n                             [--linear-api-key LINEAR_API_KEY]\n                             [--linear-team-id LINEAR_TEAM_ID]\n                             [--linear-project-id LINEAR_PROJECT_ID]\n\nRun automated book analysis workflow\n\noptions:\n  -h, --help            show this help message and exit\n  --config CONFIG       Path to books configuration file\n  --budget BUDGET       Maximum budget in USD\n  --output OUTPUT       Output directory for results\n  --project PROJECT     Project name for secrets loading\n  --sport SPORT         Sport name for secrets loading\n  --context CONTEXT     Context for secrets loading (production, development,\n                        test)\n  --slack-webhook SLACK_WEBHOOK\n                        Slack webhook URL (overrides secrets)\n  --linear-api-key LINEAR_API_KEY\n                        Linear API key (overrides secrets)\n  --linear-team-id LINEAR_TEAM_ID\n                        Linear team ID (overrides secrets)\n  --linear-project-id LINEAR_PROJECT_ID\n                        Linear project ID (overrides secrets)\n"
        },
        "timestamp": "2025-10-15T19:22:55.546341"
      },
      {
        "test_name": "entry_point_scripts_resilient_book_analyzer_py",
        "status": "pass",
        "message": "Entry point scripts/resilient_book_analyzer.py is functional",
        "duration": 1.2194840908050537,
        "details": {
          "output": ""
        },
        "timestamp": "2025-10-15T19:22:56.766113"
      },
      {
        "test_name": "entry_point_mcp_server_server_py",
        "status": "warning",
        "message": "Entry point mcp_server/server.py may have issues: Traceback (most recent call last):\n  File \"/Users/ryanranft/nba-mcp-synthesis/mcp_server/server.py\", line 23, in <module>\n    from .tools import (\nImportError: attempted relative import with no known parent package\n\nDuring handling of the above exception, another exception occurred:\n\nTraceback (most recent call last):\n  File \"/Users/ryanranft/nba-mcp-synthesis/mcp_server/tools/__init__.py\", line 7, in <module>\n    from mcp_server.tools.database_tools import DatabaseTools\nModuleNotFoundError: No module named 'mcp_server'\n\nDuring handling of the above exception, another exception occurred:\n\nTraceback (most recent call last):\n  File \"/Users/ryanranft/nba-mcp-synthesis/mcp_server/server.py\", line 42, in <module>\n    from tools import (\n  File \"/Users/ryanranft/nba-mcp-synthesis/mcp_server/tools/__init__.py\", line 24, in <module>\n    from .database_tools import DatabaseTools\n  File \"/Users/ryanranft/nba-mcp-synthesis/mcp_server/tools/database_tools.py\", line 11, in <module>\n    from mcp_server.connectors.rds_connector import RDSConnector\nModuleNotFoundError: No module named 'mcp_server'\n",
        "duration": 0.3561561107635498,
        "details": {
          "output": "",
          "error": "Traceback (most recent call last):\n  File \"/Users/ryanranft/nba-mcp-synthesis/mcp_server/server.py\", line 23, in <module>\n    from .tools import (\nImportError: attempted relative import with no known parent package\n\nDuring handling of the above exception, another exception occurred:\n\nTraceback (most recent call last):\n  File \"/Users/ryanranft/nba-mcp-synthesis/mcp_server/tools/__init__.py\", line 7, in <module>\n    from mcp_server.tools.database_tools import DatabaseTools\nModuleNotFoundError: No module named 'mcp_server'\n\nDuring handling of the above exception, another exception occurred:\n\nTraceback (most recent call last):\n  File \"/Users/ryanranft/nba-mcp-synthesis/mcp_server/server.py\", line 42, in <module>\n    from tools import (\n  File \"/Users/ryanranft/nba-mcp-synthesis/mcp_server/tools/__init__.py\", line 24, in <module>\n    from .database_tools import DatabaseTools\n  File \"/Users/ryanranft/nba-mcp-synthesis/mcp_server/tools/database_tools.py\", line 11, in <module>\n    from mcp_server.connectors.rds_connector import RDSConnector\nModuleNotFoundError: No module named 'mcp_server'\n"
        },
        "timestamp": "2025-10-15T19:22:57.122809"
      },
      {
        "test_name": "entry_point_scripts_test_all_credentials_py",
        "status": "pass",
        "message": "Entry point scripts/test_all_credentials.py is functional",
        "duration": 4.745377063751221,
        "details": {
          "output": "NBA MCP Synthesis - Credential Testing Tool\n==================================================\nUsing unified secrets management system\n\nLoading secrets for project=nba-mcp-synthesis, context=production\n\u2705 Secrets loaded successfully\n\u2705 Configuration loaded successfully\n\ud83d\ude80 Starting comprehensive credential testing...\n\u23f0 Started at: 2025-10-15 19:22:57\n\n\ud83e\udd16 Testing AI Model APIs...\n\u2705 DeepSeek API: API key format is valid\n\u2705 Anthropic Claude API: API key format is valid\n\u2705 OpenAI GPT-4 API: API key format is valid\n\u2705 Google Gemini API: API key format is valid\n\u2705 Ollama API: Model qwen2.5-coder:32b is available\n\n\u2601\ufe0f  Testing AWS Services...\n\u2705 AWS Credentials: Identity: arn:aws:iam::575734508327:user/iam\n\u2705 Primary S3 Bucket: Full access verified. Objects: 5\n\u2705 Books S3 Bucket: Full access verified. Objects: 5\n\u2705 AWS Glue Database: Database 'nba_raw_data' accessible\n\u2705 AWS Glue Tables: Found 1 tables\n\n\ud83d\uddc4\ufe0f  Testing Database Connections...\n\u2705 RDS Variables: Full access verified. PostgreSQL version: PostgreSQL 15.14 on x86_64-pc-linux-gnu, compiled ...\n\u2705 DB Variables: Full access verified. PostgreSQL version: PostgreSQL 15.14 on x86_64-pc-linux-gnu, compiled ...\n\u2705 DATABASE_URL: Full access verified. PostgreSQL version: PostgreSQL 15.14 on x86_64-pc-linux-gnu, compiled ...\n\n\ud83d\udd17 Testing Integrations...\n\u274c Slack Webhook: HTTP 404: no_team\n\u2705 Great Expectations S3: Bucket 'nba-sim-raw-data-lake' accessible\n\n\ud83e\uddf9 Cleaning up test resources...\n   \u2705 Cleaned up nba-sim-raw-data-lake/test/credential_test_1760574178.txt\n   \u2705 Cleaned up nba-mcp-books-20251011/test/credential_test_1760574178.txt\n\n================================================================================\n\ud83d\udd0d COMPREHENSIVE CREDENTIAL TEST REPORT\n================================================================================\n\n\ud83d\udcca SUMMARY:\n   Total Tests: 15\n   \u2705 Passed: 14\n   \u274c Failed: 1\n   Success Rate: 93.3%\n\n\ud83d\udccb AI MODELS:\n   \u2705 DeepSeek API: API key format is valid\n   \u2705 Anthropic Claude API: API key format is valid\n   \u2705 OpenAI GPT-4 API: API key format is valid\n   \u2705 Google Gemini API: API key format is valid\n   \u2705 Ollama API: Model qwen2.5-coder:32b is available\n\n\ud83d\udccb AWS SERVICES:\n   \u2705 AWS Credentials: Identity: arn:aws:iam::575734508327:user/iam\n   \u2705 Primary S3 Bucket: Full access verified. Objects: 5\n   \u2705 Books S3 Bucket: Full access verified. Objects: 5\n   \u2705 AWS Glue Database: Database 'nba_raw_data' accessible\n   \u2705 AWS Glue Tables: Found 1 tables\n\n\ud83d\udccb DATABASE:\n   \u2705 RDS Variables: Full access verified. PostgreSQL version: PostgreSQL 15.14 on x86_64-pc-linux-gnu, compiled ...\n   \u2705 DB Variables: Full access verified. PostgreSQL version: PostgreSQL 15.14 on x86_64-pc-linux-gnu, compiled ...\n   \u2705 DATABASE_URL: Full access verified. PostgreSQL version: PostgreSQL 15.14 on x86_64-pc-linux-gnu, compiled ...\n\n\ud83d\udccb INTEGRATIONS:\n   \u274c Slack Webhook: HTTP 404: no_team\n   \u2705 Great Expectations S3: Bucket 'nba-sim-raw-data-lake' accessible\n\n\ud83d\udca1 RECOMMENDATIONS:\n   The following credentials need attention:\n   - integrations.Slack Webhook\n\n   Consider:\n   - Rotating API keys if they're expired\n   - Checking AWS permissions\n   - Verifying database credentials\n   - Ensuring services are running (Ollama)\n\n\ud83d\udcc4 Detailed report saved to: credential_test_report_20251015_192301.json\n"
        },
        "timestamp": "2025-10-15T19:23:01.868525"
      },
      {
        "test_name": "entry_point_test_mcp_tools_py",
        "status": "pass",
        "message": "Entry point test_mcp_tools.py is functional",
        "duration": 3.0486159324645996,
        "details": {
          "output": "NBA MCP Server - Tool Verification\n========================================\nUsing unified secrets management system\n\nLoading secrets...\n\u2705 Secrets loaded successfully\n\u2713 MCP Server: nba-mcp-fastmcp\n\u2713 Total MCP Tools: 247\n\n\u2713 Available NBA MCP Tools:\n  1. query_database\n  2. list_tables\n  3. get_table_schema\n  4. list_games\n  5. list_players\n  6. list_s3_files\n  7. list_books\n  8. read_book\n  9. search_books\n  10. get_epub_metadata\n  ... and 237 more tools\n\n\ud83c\udf89 MCP Server is ready!\n"
        },
        "timestamp": "2025-10-15T19:23:04.917797"
      }
    ],
    "environment": [
      {
        "test_name": "environment_production",
        "status": "pass",
        "message": "Environment production validation passed",
        "duration": 0.12511587142944336,
        "details": {
          "output": "\n\u2705 Environment loaded successfully!\n"
        },
        "timestamp": "2025-10-15T19:23:05.043251"
      },
      {
        "test_name": "environment_development",
        "status": "pass",
        "message": "Environment development validation passed",
        "duration": 0.1261610984802246,
        "details": {
          "output": "\n\u2705 Environment loaded successfully!\n"
        },
        "timestamp": "2025-10-15T19:23:05.169755"
      },
      {
        "test_name": "environment_test",
        "status": "pass",
        "message": "Environment test validation passed",
        "duration": 0.3065338134765625,
        "details": {
          "output": "\n\u2705 Environment loaded successfully!\n"
        },
        "timestamp": "2025-10-15T19:23:05.476708"
      }
    ],
    "integration": [
      {
        "test_name": "integration",
        "status": "warning",
        "message": "Integration issues found: 2025-10-15 19:23:06,002 - mcp_server.secrets_health_monitor - ERROR - Failed to load secrets: usage: load_env_hierarchical.py [-h] [--base-path BASE_PATH] [--no-validate]\n                                [--export EXPORT] [--list] [--health]\n                                [--verbose]\n                                [project] [sport] [context]\nload_env_hierarchical.py: error: unrecognized arguments: --project --context production\n\n2025-10-15 19:23:06,130 - mcp_server.secrets_alerting_system - ERROR - Failed to load secrets: usage: load_env_hierarchical.py [-h] [--base-path BASE_PATH] [--no-validate]\n                                [--export EXPORT] [--list] [--health]\n                                [--verbose]\n                                [project] [sport] [context]\nload_env_hierarchical.py: error: unrecognized arguments: --project --context production\n\n2025-10-15 19:23:06,131 - __main__ - INFO - Secrets Health Integration initialized for nba-mcp-synthesis (production)\n2025-10-15 19:23:06,131 - __main__ - INFO - Running comprehensive health check...\n2025-10-15 19:23:06,131 - mcp_server.secrets_metrics_dashboard - ERROR - Failed to save metrics: Object of type datetime is not JSON serializable\n2025-10-15 19:23:06,132 - mcp_server.secrets_metrics_dashboard - ERROR - Failed to load history: Expecting value: line 9 column 20 (char 209)\n2025-10-15 19:23:06,132 - mcp_server.secrets_metrics_dashboard - ERROR - Failed to save history: Object of type datetime is not JSON serializable\nTraceback (most recent call last):\n  File \"/Users/ryanranft/nba-mcp-synthesis/mcp_server/secrets_health_integration.py\", line 483, in <module>\n    main()\n  File \"/Users/ryanranft/nba-mcp-synthesis/mcp_server/secrets_health_integration.py\", line 445, in main\n    report = integration.run_health_check()\n             ^^^^^^^^^^^^^^^^^^^^^^^^^^^^^^\n  File \"/Users/ryanranft/nba-mcp-synthesis/mcp_server/secrets_health_integration.py\", line 187, in run_health_check\n    alerts = self.alert_manager.process_metrics(asdict(metrics))\n             ^^^^^^^^^^^^^^^^^^^^^^^^^^^^^^^^^^^^^^^^^^^^^^^^^^^\n  File \"/Users/ryanranft/nba-mcp-synthesis/mcp_server/secrets_alerting_system.py\", line 571, in process_metrics\n    if self.deduplicator.should_send_alert(alert, alert.throttle_minutes):\n                                                  ^^^^^^^^^^^^^^^^^^^^^^\nAttributeError: 'Alert' object has no attribute 'throttle_minutes'\n",
        "duration": 0.7098739147186279,
        "details": {
          "output": "\ud83d\udd0d Running comprehensive health check...\n",
          "error": "2025-10-15 19:23:06,002 - mcp_server.secrets_health_monitor - ERROR - Failed to load secrets: usage: load_env_hierarchical.py [-h] [--base-path BASE_PATH] [--no-validate]\n                                [--export EXPORT] [--list] [--health]\n                                [--verbose]\n                                [project] [sport] [context]\nload_env_hierarchical.py: error: unrecognized arguments: --project --context production\n\n2025-10-15 19:23:06,130 - mcp_server.secrets_alerting_system - ERROR - Failed to load secrets: usage: load_env_hierarchical.py [-h] [--base-path BASE_PATH] [--no-validate]\n                                [--export EXPORT] [--list] [--health]\n                                [--verbose]\n                                [project] [sport] [context]\nload_env_hierarchical.py: error: unrecognized arguments: --project --context production\n\n2025-10-15 19:23:06,131 - __main__ - INFO - Secrets Health Integration initialized for nba-mcp-synthesis (production)\n2025-10-15 19:23:06,131 - __main__ - INFO - Running comprehensive health check...\n2025-10-15 19:23:06,131 - mcp_server.secrets_metrics_dashboard - ERROR - Failed to save metrics: Object of type datetime is not JSON serializable\n2025-10-15 19:23:06,132 - mcp_server.secrets_metrics_dashboard - ERROR - Failed to load history: Expecting value: line 9 column 20 (char 209)\n2025-10-15 19:23:06,132 - mcp_server.secrets_metrics_dashboard - ERROR - Failed to save history: Object of type datetime is not JSON serializable\nTraceback (most recent call last):\n  File \"/Users/ryanranft/nba-mcp-synthesis/mcp_server/secrets_health_integration.py\", line 483, in <module>\n    main()\n  File \"/Users/ryanranft/nba-mcp-synthesis/mcp_server/secrets_health_integration.py\", line 445, in main\n    report = integration.run_health_check()\n             ^^^^^^^^^^^^^^^^^^^^^^^^^^^^^^\n  File \"/Users/ryanranft/nba-mcp-synthesis/mcp_server/secrets_health_integration.py\", line 187, in run_health_check\n    alerts = self.alert_manager.process_metrics(asdict(metrics))\n             ^^^^^^^^^^^^^^^^^^^^^^^^^^^^^^^^^^^^^^^^^^^^^^^^^^^\n  File \"/Users/ryanranft/nba-mcp-synthesis/mcp_server/secrets_alerting_system.py\", line 571, in process_metrics\n    if self.deduplicator.should_send_alert(alert, alert.throttle_minutes):\n                                                  ^^^^^^^^^^^^^^^^^^^^^^\nAttributeError: 'Alert' object has no attribute 'throttle_minutes'\n"
        },
        "timestamp": "2025-10-15T19:23:06.186897"
      }
    ],
    "health": [
      {
        "test_name": "health_monitoring",
        "status": "pass",
        "message": "Health monitoring validation passed",
        "duration": 0.22539687156677246,
        "details": {
          "output": "\ud83d\udd0d Running one-time health checks...\n\n\ud83d\udcca Health Check Results:\n\n\ud83d\udd10 Secret Validation Results:\n\n\ud83d\udcc8 Overall Health Score: 0.0%\n\ud83c\udf10 API Connectivity Score: 0.0%\n\u23f1\ufe0f  Average Response Time: 0.0ms\n"
        },
        "timestamp": "2025-10-15T19:23:06.412755"
      }
    ],
    "docker": [
      {
        "test_name": "docker_integration",
        "status": "pass",
        "message": "All Docker files present",
        "duration": 3.600120544433594e-05,
        "details": {},
        "timestamp": "2025-10-15T19:23:06.413035"
      }
    ],
    "security": [
      {
        "test_name": "security",
        "status": "pass",
        "message": "Security validation passed",
        "duration": 2.1696090698242188e-05,
        "details": {},
        "timestamp": "2025-10-15T19:23:06.413116"
      }
    ],
    "performance": [
      {
        "test_name": "performance",
        "status": "pass",
        "message": "Performance validation passed (load time: 0.13s)",
        "duration": 0.12755727767944336,
        "details": {
          "load_time": 0.12755727767944336
        },
        "timestamp": "2025-10-15T19:23:06.540746"
      }
    ],
    "documentation": [
      {
        "test_name": "documentation",
        "status": "pass",
        "message": "All documentation files present",
        "duration": 3.6716461181640625e-05,
        "details": {},
        "timestamp": "2025-10-15T19:23:06.541044"
      }
    ]
  },
  "recommendations": [
    "Review 2 warning tests for potential improvements"
  ]
}