{
  "01": {
    "status": "success",
    "time": 4.022433042526245,
    "cells": 15
  },
  "02": {
    "status": "failed",
    "error": "An error occurred while executing the following cell:\n------------------\n# Initialize EconometricSuite for time series\nsuite_ts = EconometricSuite(\n    data=player_b_data,\n    outcome_var='points',\n    time_var='date'\n)\n\nprint(\"\u2713 EconometricSuite initialized for time series analysis\")\n------------------\n\n\n\u001b[31m---------------------------------------------------------------------------\u001b[39m\n\u001b[31mTypeError\u001b[39m                                 Traceback (most recent call last)\n\u001b[36mCell\u001b[39m\u001b[36m \u001b[39m\u001b[32mIn[8]\u001b[39m\u001b[32m, line 2\u001b[39m\n\u001b[32m      1\u001b[39m \u001b[38;5;66;03m# Initialize EconometricSuite for time series\u001b[39;00m\n\u001b[32m----> \u001b[39m\u001b[32m2\u001b[39m suite_ts = \u001b[43mEconometricSuite\u001b[49m\u001b[43m(\u001b[49m\n\u001b[32m      3\u001b[39m \u001b[43m    \u001b[49m\u001b[43mdata\u001b[49m\u001b[43m=\u001b[49m\u001b[43mplayer_b_data\u001b[49m\u001b[43m,\u001b[49m\n\u001b[32m      4\u001b[39m \u001b[43m    \u001b[49m\u001b[43moutcome_var\u001b[49m\u001b[43m=\u001b[49m\u001b[33;43m'\u001b[39;49m\u001b[33;43mpoints\u001b[39;49m\u001b[33;43m'\u001b[39;49m\u001b[43m,\u001b[49m\n\u001b[32m      5\u001b[39m \u001b[43m    \u001b[49m\u001b[43mtime_var\u001b[49m\u001b[43m=\u001b[49m\u001b[33;43m'\u001b[39;49m\u001b[33;43mdate\u001b[39;49m\u001b[33;43m'\u001b[39;49m\n\u001b[32m      6\u001b[39m \u001b[43m)\u001b[49m\n\u001b[32m      8\u001b[39m \u001b[38;5;28mprint\u001b[39m(\u001b[33m\"\u001b[39m\u001b[33m\u2713 EconometricSuite initialized for time series analysis\u001b[39m\u001b[33m\"\u001b[39m)\n\n\u001b[31mTypeError\u001b[39m: EconometricSuite.__init__() got an unexpected keyword argument 'outcome_var'\n",
    "time": 2.438225030899048
  },
  "03": {
    "status": "failed",
    "error": "An error occurred while executing the following cell:\n------------------\n# Run logistic regression\nlogit_result = suite_logit.logistic_analysis()\n\nprint(\"\u2713 Logistic regression fitted\")\nprint(\"\\nModel Summary:\")\nprint(logit_result.summary)\n------------------\n\n\n\u001b[31m---------------------------------------------------------------------------\u001b[39m\n\u001b[31mAttributeError\u001b[39m                            Traceback (most recent call last)\n\u001b[36mCell\u001b[39m\u001b[36m \u001b[39m\u001b[32mIn[12]\u001b[39m\u001b[32m, line 2\u001b[39m\n\u001b[32m      1\u001b[39m \u001b[38;5;66;03m# Run logistic regression\u001b[39;00m\n\u001b[32m----> \u001b[39m\u001b[32m2\u001b[39m logit_result = \u001b[43msuite_logit\u001b[49m\u001b[43m.\u001b[49m\u001b[43mlogistic_analysis\u001b[49m()\n\u001b[32m      4\u001b[39m \u001b[38;5;28mprint\u001b[39m(\u001b[33m\"\u001b[39m\u001b[33m\u2713 Logistic regression fitted\u001b[39m\u001b[33m\"\u001b[39m)\n\u001b[32m      5\u001b[39m \u001b[38;5;28mprint\u001b[39m(\u001b[33m\"\u001b[39m\u001b[38;5;130;01m\\n\u001b[39;00m\u001b[33mModel Summary:\u001b[39m\u001b[33m\"\u001b[39m)\n\n\u001b[31mAttributeError\u001b[39m: 'EconometricSuite' object has no attribute 'logistic_analysis'\n",
    "time": 2.867588996887207
  },
  "04": {
    "status": "failed",
    "error": "An error occurred while executing the following cell:\n------------------\n# Extract key results\nper_coef = valuation_result.params['per']\nage_coef = valuation_result.params['age']\nws_coef = valuation_result.params['ws']\nr_squared = valuation_result.rsquared\n\nprint(\"\\nKey Valuation Drivers:\\n\")\nprint(\"=\"*70)\nprint(f\"PER Coefficient: ${per_coef:.2f}M per point\")\nprint(f\"  \u2192 A 1-point increase in PER increases salary by ${per_coef:.2f}M\")\nprint()\nprint(f\"Age Coefficient: ${age_coef:.2f}M per year\")\nprint(f\"  \u2192 Each additional year of age changes salary by ${age_coef:.2f}M\")\nprint()\nprint(f\"Win Shares Coefficient: ${ws_coef:.2f}M per WS\")\nprint(f\"  \u2192 Each win share is worth ${ws_coef:.2f}M in salary\")\nprint()\nprint(f\"Model R\u00b2: {r_squared:.3f}\")\nprint(f\"  \u2192 Model explains {r_squared*100:.1f}% of salary variation\")\n------------------\n\n\n\u001b[31m---------------------------------------------------------------------------\u001b[39m\n\u001b[31mAttributeError\u001b[39m                            Traceback (most recent call last)\n\u001b[36mCell\u001b[39m\u001b[36m \u001b[39m\u001b[32mIn[10]\u001b[39m\u001b[32m, line 2\u001b[39m\n\u001b[32m      1\u001b[39m \u001b[38;5;66;03m# Extract key results\u001b[39;00m\n\u001b[32m----> \u001b[39m\u001b[32m2\u001b[39m per_coef = \u001b[43mvaluation_result\u001b[49m\u001b[43m.\u001b[49m\u001b[43mparams\u001b[49m[\u001b[33m'\u001b[39m\u001b[33mper\u001b[39m\u001b[33m'\u001b[39m]\n\u001b[32m      3\u001b[39m age_coef = valuation_result.params[\u001b[33m'\u001b[39m\u001b[33mage\u001b[39m\u001b[33m'\u001b[39m]\n\u001b[32m      4\u001b[39m ws_coef = valuation_result.params[\u001b[33m'\u001b[39m\u001b[33mws\u001b[39m\u001b[33m'\u001b[39m]\n\n\u001b[31mAttributeError\u001b[39m: 'SuiteResult' object has no attribute 'params'\n",
    "time": 2.984508752822876
  },
  "05": {
    "status": "failed",
    "error": "A cell timed out while it was being executed, after 420 seconds.\nThe message was: Cell execution timed out.\nHere is a preview of the cell contents:\n-------------------\n['def simulate_possession(game_state, home_possession=True, skill_diff=0):', '    \"\"\"', '    Simulate one possession and return points scored + time elapsed.', '    \"\"\"', '    # Possession duration (20-35 seconds)']\n...\n['', 'print(\"\u2713 Full game simulated\")', 'print(f\"  Final Score: {game.home_team} {game.home_score}, {game.away_team} {game.away_score}\")', 'print(f\"  Total possessions: {possession_count}\")', 'print(f\"  Total events logged: {len(events_df)}\")']\n-------------------\n",
    "time": 425.19455003738403
  }
}